<?xml version="1.0" encoding="UTF-8"?>
<!-- Generated by org.testng.reporters.JUnitXMLReporter -->
<testsuite ignored="0" hostname="RavinPC" failures="1" tests="1" name="Test(failed)(failed)(failed)" time="7.058" errors="0" timestamp="2024-11-09T17:37:32 IST">
  <testcase classname="testCases.TC006_ProductCompareTest" name="verifyProductCompareWith" time="3.213">
    <failure type="java.lang.AssertionError" message="null">
      <![CDATA[java.lang.AssertionError: null
at testCases.TC006_ProductCompareTest.verifyProductCompareWith(TC006_ProductCompareTest.java:61)
at java.base/java.util.ArrayList.forEach(ArrayList.java:1511)
... Removed 29 stack frames]]>
    </failure>
  </testcase> <!-- verifyProductCompareWith -->
</testsuite> <!-- Test(failed)(failed)(failed) -->
